#
# There is insufficient memory for the Java Runtime Environment to continue.
# Native memory allocation (malloc) failed to allocate 1048576 bytes. Error detail: AllocateHeap
# Possible reasons:
#   The system is out of physical RAM or swap space
#   This process is running with CompressedOops enabled, and the Java Heap may be blocking the growth of the native heap
# Possible solutions:
#   Reduce memory load on the system
#   Increase physical memory or swap space
#   Check if swap backing store is full
#   Decrease Java heap size (-Xmx/-Xms)
#   Decrease number of Java threads
#   Decrease Java thread stack sizes (-Xss)
#   Set larger code cache with -XX:ReservedCodeCacheSize=
#   JVM is running with Unscaled Compressed Oops mode in which the Java heap is
#     placed in the first 4GB address space. The Java Heap base address is the
#     maximum limit for the native heap growth. Please use -XX:HeapBaseMinAddress
#     to set the Java Heap base and to place the Java Heap above 4GB virtual address.
# This output file may be truncated or incomplete.
#
#  Out of Memory Error (allocation.cpp:44), pid=7992, tid=30164
#
# JRE version:  (21.0.7+6) (build )
# Java VM: OpenJDK 64-Bit Server VM (21.0.7+6-LTS, mixed mode, sharing, tiered, compressed oops, compressed class ptrs, g1 gc, windows-amd64)
# No core dump will be written. Minidumps are not enabled by default on client versions of Windows
#

---------------  S U M M A R Y ------------

Command Line: 

Host: AMD Ryzen 5 5600H with Radeon Graphics         , 12 cores, 7G,  Windows 11 , 64 bit Build 26100 (10.0.26100.3912)
Time: Wed May  7 17:09:39 2025 South Africa Standard Time elapsed time: 2.396921 seconds (0d 0h 0m 2s)

---------------  T H R E A D  ---------------

Current thread (0x000001ec7ed15370):  JavaThread "Unknown thread" [_thread_in_vm, id=30164, stack(0x0000005ce9400000,0x0000005ce9500000) (1024K)]

Stack: [0x0000005ce9400000,0x0000005ce9500000]
Native frames: (J=compiled Java code, j=interpreted, Vv=VM code, C=native code)
V  [jvm.dll+0x6ce119]
V  [jvm.dll+0x8a84a1]
V  [jvm.dll+0x8aa9ce]
V  [jvm.dll+0x8ab0b3]
V  [jvm.dll+0x27f8a6]
V  [jvm.dll+0xbfba7]
V  [jvm.dll+0x3327a5]
V  [jvm.dll+0x32ab91]
V  [jvm.dll+0x871719]
V  [jvm.dll+0x3bc501]
V  [jvm.dll+0x85a743]
V  [jvm.dll+0x45080e]
V  [jvm.dll+0x452451]
C  [jli.dll+0x5278]
C  [ucrtbase.dll+0x37b0]
C  [KERNEL32.DLL+0x2e8d7]
C  [ntdll.dll+0x9c5dc]


---------------  P R O C E S S  ---------------

Threads class SMR info:
_java_thread_list=0x00007ffc3639a0c8, length=0, elements={
}

Java Threads: ( => current thread )
Total: 0

Other Threads:
  0x000001ec7ed61010 WorkerThread "GC Thread#0"                     [id=45932, stack(0x0000005ce9500000,0x0000005ce9600000) (1024K)]

[error occurred during error reporting (printing all threads), id 0xc0000005, EXCEPTION_ACCESS_VIOLATION (0xc0000005) at pc=0x00007ffc35a97340]
VM state: not at safepoint (not fully initialized)

VM Mutex/Monitor currently owned by a thread:  ([mutex/lock_event])
[0x00007ffc3640e408] Heap_lock - owner thread: 0x000001ec7ed15370

Heap address: 0x0000000089800000, size: 1896 MB, Compressed Oops mode: 32-bit

CDS archive(s) mapped at: [0x0000000000000000-0x0000000000000000-0x0000000000000000), size 0, SharedBaseAddress: 0x0000000800000000, ArchiveRelocationMode: 1.
Narrow klass base: 0x0000000000000000, Narrow klass shift: 0, Narrow klass range: 0x0

GC Precious Log:
 CardTable entry size: 512
 Card Set container configuration: InlinePtr #cards 5 size 8 Array Of Cards #cards 12 size 40 Howl #buckets 4 coarsen threshold 1843 Howl Bitmap #cards 512 size 80 coarsen threshold 460 Card regions per heap region 1 cards per card region 2048

Heap:
 garbage-first heap   total 0K, used 0K [0x0000000089800000, 0x0000000100000000)
  region size 1024K, 0 young (0K), 0 survivors (0K)

[error occurred during error reporting (printing heap information), id 0xc0000005, EXCEPTION_ACCESS_VIOLATION (0xc0000005) at pc=0x00007ffc35e87949]
GC Heap History (0 events):
No events

Dll operation events (1 events):
Event: 0.056 Loaded shared library C:\Program Files\Eclipse Adoptium\jdk-21.0.7.6-hotspot\bin\java.dll

Deoptimization events (0 events):
No events

Classes loaded (0 events):
No events

Classes unloaded (0 events):
No events

Classes redefined (0 events):
No events

Internal exceptions (0 events):
No events

ZGC Phase Switch (0 events):
No events

VM Operations (0 events):
No events

Memory protections (0 events):
No events

Nmethod flushes (0 events):
No events

Events (0 events):
No events


Dynamic libraries:
0x00007ff7d1990000 - 0x00007ff7d199e000 	C:\Program Files\Eclipse Adoptium\jdk-21.0.7.6-hotspot\bin\java.exe
0x00007ffcd4dc0000 - 0x00007ffcd5026000 	C:\WINDOWS\SYSTEM32\ntdll.dll
0x00007ffca0050000 - 0x00007ffca006b000 	C:\Program Files\Avast Software\Avast\aswhook.dll
0x00007ffcd40d0000 - 0x00007ffcd4199000 	C:\WINDOWS\System32\KERNEL32.DLL
0x00007ffcd20c0000 - 0x00007ffcd248c000 	C:\WINDOWS\System32\KERNELBASE.dll
0x00007ffcd2490000 - 0x00007ffcd25db000 	C:\WINDOWS\System32\ucrtbase.dll
0x00007ffcb1940000 - 0x00007ffcb1958000 	C:\Program Files\Eclipse Adoptium\jdk-21.0.7.6-hotspot\bin\jli.dll
0x00007ffccccf0000 - 0x00007ffcccd0e000 	C:\Program Files\Eclipse Adoptium\jdk-21.0.7.6-hotspot\bin\VCRUNTIME140.dll
0x00007ffcd4790000 - 0x00007ffcd495a000 	C:\WINDOWS\System32\USER32.dll
0x00007ffcd2680000 - 0x00007ffcd26a7000 	C:\WINDOWS\System32\win32u.dll
0x00007ffcd4960000 - 0x00007ffcd498b000 	C:\WINDOWS\System32\GDI32.dll
0x00007ffcd29b0000 - 0x00007ffcd2ae2000 	C:\WINDOWS\System32\gdi32full.dll
0x00007ffcaa450000 - 0x00007ffcaa6ea000 	C:\WINDOWS\WinSxS\amd64_microsoft.windows.common-controls_6595b64144ccf1df_6.0.26100.3912_none_3e07963ce335137e\COMCTL32.dll
0x00007ffcd1f50000 - 0x00007ffcd1ff3000 	C:\WINDOWS\System32\msvcp_win.dll
0x00007ffcd3b50000 - 0x00007ffcd3bf9000 	C:\WINDOWS\System32\msvcrt.dll
0x00007ffcd3d20000 - 0x00007ffcd3d50000 	C:\WINDOWS\System32\IMM32.DLL
0x00007ffcced70000 - 0x00007ffcced7c000 	C:\Program Files\Eclipse Adoptium\jdk-21.0.7.6-hotspot\bin\vcruntime140_1.dll
0x00007ffc61a60000 - 0x00007ffc61aed000 	C:\Program Files\Eclipse Adoptium\jdk-21.0.7.6-hotspot\bin\msvcp140.dll
0x00007ffc35760000 - 0x00007ffc364f0000 	C:\Program Files\Eclipse Adoptium\jdk-21.0.7.6-hotspot\bin\server\jvm.dll
0x00007ffcd3fb0000 - 0x00007ffcd4062000 	C:\WINDOWS\System32\ADVAPI32.dll
0x00007ffcd46e0000 - 0x00007ffcd4786000 	C:\WINDOWS\System32\sechost.dll
0x00007ffcd3c00000 - 0x00007ffcd3d16000 	C:\WINDOWS\System32\RPCRT4.dll
0x00007ffcd3ad0000 - 0x00007ffcd3b44000 	C:\WINDOWS\System32\WS2_32.dll
0x00007ffcd1da0000 - 0x00007ffcd1dfe000 	C:\WINDOWS\SYSTEM32\POWRPROF.dll
0x00007ffccb000000 - 0x00007ffccb036000 	C:\WINDOWS\SYSTEM32\WINMM.dll
0x00007ffccb040000 - 0x00007ffccb04b000 	C:\WINDOWS\SYSTEM32\VERSION.dll
0x00007ffcd1d80000 - 0x00007ffcd1d94000 	C:\WINDOWS\SYSTEM32\UMPDC.dll
0x00007ffcd0ce0000 - 0x00007ffcd0cfa000 	C:\WINDOWS\SYSTEM32\kernel.appcore.dll
0x00007ffcc09c0000 - 0x00007ffcc09ca000 	C:\Program Files\Eclipse Adoptium\jdk-21.0.7.6-hotspot\bin\jimage.dll
0x00007ffcc3ec0000 - 0x00007ffcc4101000 	C:\WINDOWS\SYSTEM32\DBGHELP.DLL
0x00007ffcd41a0000 - 0x00007ffcd4524000 	C:\WINDOWS\System32\combase.dll
0x00007ffcd45f0000 - 0x00007ffcd46d0000 	C:\WINDOWS\System32\OLEAUT32.dll
0x00007ffcc2c50000 - 0x00007ffcc2c89000 	C:\WINDOWS\SYSTEM32\dbgcore.DLL
0x00007ffcd25e0000 - 0x00007ffcd2679000 	C:\WINDOWS\System32\bcryptPrimitives.dll
0x00007ffcb0980000 - 0x00007ffcb099f000 	C:\Program Files\Eclipse Adoptium\jdk-21.0.7.6-hotspot\bin\java.dll

dbghelp: loaded successfully - version: 4.0.5 - missing functions: none
symbol engine: initialized successfully - sym options: 0x614 - pdb path: .;C:\Program Files\Eclipse Adoptium\jdk-21.0.7.6-hotspot\bin;C:\WINDOWS\SYSTEM32;C:\Program Files\Avast Software\Avast;C:\WINDOWS\WinSxS\amd64_microsoft.windows.common-controls_6595b64144ccf1df_6.0.26100.3912_none_3e07963ce335137e;C:\Program Files\Eclipse Adoptium\jdk-21.0.7.6-hotspot\bin\server

VM Arguments:
java_command: <unknown>
java_class_path (initial): <not set>
Launcher Type: SUN_STANDARD

[Global flags]
     intx CICompilerCount                          = 4                                         {product} {ergonomic}
     uint ConcGCThreads                            = 3                                         {product} {ergonomic}
     uint G1ConcRefinementThreads                  = 10                                        {product} {ergonomic}
   size_t G1HeapRegionSize                         = 1048576                                   {product} {ergonomic}
    uintx GCDrainStackTargetSize                   = 64                                        {product} {ergonomic}
   size_t InitialHeapSize                          = 125829120                                 {product} {ergonomic}
   size_t MarkStackSize                            = 4194304                                   {product} {ergonomic}
   size_t MaxHeapSize                              = 1988100096                                {product} {ergonomic}
   size_t MinHeapDeltaBytes                        = 1048576                                   {product} {ergonomic}
   size_t MinHeapSize                              = 8388608                                   {product} {ergonomic}
    uintx NonNMethodCodeHeapSize                   = 5839372                                {pd product} {ergonomic}
    uintx NonProfiledCodeHeapSize                  = 122909434                              {pd product} {ergonomic}
    uintx ProfiledCodeHeapSize                     = 122909434                              {pd product} {ergonomic}
    uintx ReservedCodeCacheSize                    = 251658240                              {pd product} {ergonomic}
     bool SegmentedCodeCache                       = true                                      {product} {ergonomic}
   size_t SoftMaxHeapSize                          = 1988100096                             {manageable} {ergonomic}
     bool UseCompressedOops                        = true                           {product lp64_product} {ergonomic}
     bool UseG1GC                                  = true                                      {product} {ergonomic}
     bool UseLargePagesIndividualAllocation        = false                                  {pd product} {ergonomic}

Logging:
Log output configuration:
 #0: stdout all=warning uptime,level,tags foldmultilines=false
 #1: stderr all=off uptime,level,tags foldmultilines=false

Environment Variables:
PATH=C:\Program Files\Eclipse Adoptium\jdk-21.0.7.6-hotspot\bin;C:\WINDOWS\system32;C:\WINDOWS;C:\WINDOWS\System32\Wbem;C:\WINDOWS\System32\WindowsPowerShell\v1.0\;C:\WINDOWS\System32\OpenSSH\;C:\Program Files\nodejs\;C:\Gradle\gradle-8.12.1\bin;C:\Program Files\Git\cmd;C:\Users\berna\AppData\Local\Programs\Python\Python313\Scripts\;C:\Users\berna\AppData\Local\Programs\Python\Python313\;C:\Users\berna\AppData\Local\Programs\Python\Launcher\;C:\Users\berna\AppData\Local\Microsoft\WindowsApps;C:\Users\berna\AppData\Local\Programs\Microsoft VS Code\bin;C:\Users\berna\AppData\Local\Microsoft\WinGet\Packages\Schniz.fnm_Microsoft.Winget.Source_8wekyb3d8bbwe;C:\Users\berna\AppData\Roaming\npm;C:\Users\berna\AppData\Local\Programs\Hyper\resources\bin;;C:\Users\berna\.bun\bin;C:\Users\berna\.lmstudio\bin
USERNAME=berna
OS=Windows_NT
PROCESSOR_IDENTIFIER=AMD64 Family 25 Model 80 Stepping 0, AuthenticAMD
TMP=C:\Users\berna\AppData\Local\Temp
TEMP=C:\Users\berna\AppData\Local\Temp




Periodic native trim disabled

---------------  S Y S T E M  ---------------

OS:
 Windows 11 , 64 bit Build 26100 (10.0.26100.3912)
OS uptime: 1 days 4:45 hours
Hyper-V role detected

CPU: total 12 (initial active 12) (12 cores per cpu, 2 threads per core) family 25 model 80 stepping 0 microcode 0xa50000d, cx8, cmov, fxsr, ht, mmx, 3dnowpref, sse, sse2, sse3, ssse3, sse4a, sse4.1, sse4.2, popcnt, lzcnt, tsc, tscinvbit, avx, avx2, aes, erms, clmul, bmi1, bmi2, adx, sha, fma, vzeroupper, clflush, clflushopt, hv, rdtscp, rdpid, fsrm, f16c, cet_ss
Processor Information for the first 12 processors :
  Max Mhz: 3301, Current Mhz: 3301, Mhz Limit: 3301

Memory: 4k page, system-wide physical 7583M (567M free)
TotalPageFile size 32159M (AvailPageFile size 30M)
current process WorkingSet (physical memory assigned to process): 12M, peak: 12M
current process commit charge ("private bytes"): 55M, peak: 56M

vm_info: OpenJDK 64-Bit Server VM (21.0.7+6-LTS) for windows-amd64 JRE (21.0.7+6-LTS), built on 2025-04-15T00:00:00Z by "admin" with MS VC++ 17.7 (VS2022)

END.
