#
# There is insufficient memory for the Java Runtime Environment to continue.
# Native memory allocation (mmap) failed to map 65536 bytes. Error detail: Failed to commit metaspace.
# Possible reasons:
#   The system is out of physical RAM or swap space
#   This process is running with CompressedOops enabled, and the Java Heap may be blocking the growth of the native heap
# Possible solutions:
#   Reduce memory load on the system
#   Increase physical memory or swap space
#   Check if swap backing store is full
#   Decrease Java heap size (-Xmx/-Xms)
#   Decrease number of Java threads
#   Decrease Java thread stack sizes (-Xss)
#   Set larger code cache with -XX:ReservedCodeCacheSize=
#   JVM is running with Unscaled Compressed Oops mode in which the Java heap is
#     placed in the first 4GB address space. The Java Heap base address is the
#     maximum limit for the native heap growth. Please use -XX:HeapBaseMinAddress
#     to set the Java Heap base and to place the Java Heap above 4GB virtual address.
# This output file may be truncated or incomplete.
#
#  Out of Memory Error (virtualSpaceNode.cpp:113), pid=58600, tid=58696
#
# JRE version: OpenJDK Runtime Environment Temurin-21.0.7+6 (21.0.7+6) (build 21.0.7+6-LTS)
# Java VM: OpenJDK 64-Bit Server VM Temurin-21.0.7+6 (21.0.7+6-LTS, mixed mode, tiered, compressed oops, compressed class ptrs, g1 gc, windows-amd64)
# No core dump will be written. Minidumps are not enabled by default on client versions of Windows
#

---------------  S U M M A R Y ------------

Command Line: -Dfile.encoding=UTF-8 -Ddb2.jcc.charsetDecoderEncoder=3 com.ibm.db2.server.DssLauncher 3000 off c:\Users\berna\AppData\Roaming\Cursor\logs\20250527T185712\window1\exthost\IBM.db2forzosdeveloperextension -Xmx256M

Host: AMD Ryzen 5 5600H with Radeon Graphics         , 12 cores, 7G,  Windows 11 , 64 bit Build 26100 (10.0.26100.3912)
Time: Tue May 27 18:59:35 2025 South Africa Standard Time elapsed time: 9.329412 seconds (0d 0h 0m 9s)

---------------  T H R E A D  ---------------

Current thread (0x000001a49da57670):  JavaThread "main"             [_thread_in_vm, id=58696, stack(0x0000003f6c400000,0x0000003f6c500000) (1024K)]

Stack: [0x0000003f6c400000,0x0000003f6c500000]
Native frames: (J=compiled Java code, j=interpreted, Vv=VM code, C=native code)
V  [jvm.dll+0x6ce119]
V  [jvm.dll+0x8a84a1]
V  [jvm.dll+0x8aa9ce]
V  [jvm.dll+0x8ab0b3]
V  [jvm.dll+0x27f8a6]
V  [jvm.dll+0x8a41ee]
V  [jvm.dll+0x670575]
V  [jvm.dll+0x6705da]
V  [jvm.dll+0x672dc2]
V  [jvm.dll+0x672c92]
V  [jvm.dll+0x670f4e]
V  [jvm.dll+0x26a8d0]
V  [jvm.dll+0x216127]
V  [jvm.dll+0x20bbae]
V  [jvm.dll+0x5ae58c]
V  [jvm.dll+0x21d26a]
V  [jvm.dll+0x820d6c]
V  [jvm.dll+0x821d94]
V  [jvm.dll+0x822362]
V  [jvm.dll+0x821fe8]
V  [jvm.dll+0x26cf1b]
V  [jvm.dll+0x3d63ea]
C  0x000001a4afa0ea41

The last pc belongs to ldc (printed below).
Java frames: (J=compiled Java code, j=interpreted, Vv=VM code)
j  java.lang.invoke.DelegatingMethodHandle.<clinit>()V+69 java.base@21.0.7
v  ~StubRoutines::call_stub 0x000001a4afa0100d
j  java.lang.invoke.BoundMethodHandle.makeReinvoker(Ljava/lang/invoke/MethodHandle;)Ljava/lang/invoke/BoundMethodHandle;+13 java.base@21.0.7
j  java.lang.invoke.DirectMethodHandle.rebind()Ljava/lang/invoke/BoundMethodHandle;+1 java.base@21.0.7
j  java.lang.invoke.MethodHandles.dropArgumentsTrusted(Ljava/lang/invoke/MethodHandle;I[Ljava/lang/Class;)Ljava/lang/invoke/MethodHandle;+29 java.base@21.0.7
j  java.lang.invoke.MethodHandles.dropArguments(Ljava/lang/invoke/MethodHandle;I[Ljava/lang/Class;)Ljava/lang/invoke/MethodHandle;+9 java.base@21.0.7
j  jdk.internal.reflect.MethodHandleAccessorFactory.makeSpecializedTarget(Ljava/lang/invoke/MethodHandle;ZZ)Ljava/lang/invoke/MethodHandle;+86 java.base@21.0.7
j  jdk.internal.reflect.MethodHandleAccessorFactory.getDirectMethod(Ljava/lang/reflect/Method;Z)Ljava/lang/invoke/MethodHandle;+79 java.base@21.0.7
j  jdk.internal.reflect.MethodHandleAccessorFactory.newMethodAccessor(Ljava/lang/reflect/Method;Z)Ljdk/internal/reflect/MethodAccessorImpl;+41 java.base@21.0.7
j  jdk.internal.reflect.ReflectionFactory.newMethodAccessor(Ljava/lang/reflect/Method;Z)Ljdk/internal/reflect/MethodAccessor;+28 java.base@21.0.7
j  java.lang.reflect.Method.acquireMethodAccessor()Ljdk/internal/reflect/MethodAccessor;+38 java.base@21.0.7
j  java.lang.reflect.Method.invoke(Ljava/lang/Object;[Ljava/lang/Object;)Ljava/lang/Object;+75 java.base@21.0.7
j  java.lang.Class.getEnumConstantsShared()[Ljava/lang/Object;+49 java.base@21.0.7
j  java.lang.System$2.getEnumConstantsShared(Ljava/lang/Class;)[Ljava/lang/Enum;+1 java.base@21.0.7
j  java.util.EnumSet.getUniverse(Ljava/lang/Class;)[Ljava/lang/Enum;+4 java.base@21.0.7
j  java.util.EnumSet.noneOf(Ljava/lang/Class;)Ljava/util/EnumSet;+1 java.base@21.0.7
j  java.util.EnumSet.allOf(Ljava/lang/Class;)Ljava/util/EnumSet;+1 java.base@21.0.7
j  org.apache.logging.log4j.spi.StandardLevel.<clinit>()V+186
v  ~StubRoutines::call_stub 0x000001a4afa0100d
j  org.apache.logging.log4j.Level.<clinit>()V+16
v  ~StubRoutines::call_stub 0x000001a4afa0100d
j  com.ibm.db2.server.DssLauncher.main([Ljava/lang/String;)V+14
v  ~StubRoutines::call_stub 0x000001a4afa0100d
ldc  18 ldc  [0x000001a4afa0e9a0, 0x000001a4afa0ec48]  680 bytes
[MachCode]
  0x000001a4afa0e9a0: 4883 ec08 | c5fa 1104 | 24eb 1f48 | 83ec 10c5 | fb11 0424 | eb14 4883 | ec10 4889 | 0424 48c7 
  0x000001a4afa0e9c0: 4424 0800 | 0000 00eb | 0150 410f | b65d 0148 | 8b4d e848 | 8b49 0848 | 8b49 0848 | 8b41 080f 
  0x000001a4afa0e9e0: b654 1804 | 83fa 6474 | 0e83 fa67 | 7409 83fa | 070f 85bd | 0000 00ba | 0000 0000 | e805 0000 
  0x000001a4afa0ea00: 00e9 a800 | 0000 488d | 4424 084c | 896d c049 | 8bcf c5f8 | 7749 89af | a803 0000 | 4989 8798 
  0x000001a4afa0ea20: 0300 0048 | 83ec 2040 | f6c4 0f0f | 8419 0000 | 0048 83ec | 0848 b8d0 | 62d8 4cfc | 7f00 00ff 
  0x000001a4afa0ea40: d048 83c4 | 08e9 0c00 | 0000 48b8 | d062 d84c | fc7f 0000 | ffd0 4883 | c420 49c7 | 8798 0300 
  0x000001a4afa0ea60: 0000 0000 | 0049 c787 | a803 0000 | 0000 0000 | 49c7 87a0 | 0300 0000 | 0000 00c5 | f877 4983 
  0x000001a4afa0ea80: 7f08 000f | 8405 0000 | 00e9 7224 | ffff 498b | 87f0 0300 | 0049 c787 | f003 0000 | 0000 0000 
  0x000001a4afa0eaa0: 4c8b 6dc0 | 4c8b 75c8 | 4e8d 74f5 | 00c3 50e9 | 7c01 0000 | 83fa 0475 | 14c5 fa10 | 44d9 4848 
  0x000001a4afa0eac0: 83ec 08c5 | fa11 0424 | e963 0100 | 0083 fa03 | 750a 8b44 | d948 50e9 | 5401 0000 | ba12 0000 
  0x000001a4afa0eae0: 00e8 0500 | 0000 e9a8 | 0000 0048 | 8d44 2408 | 4c89 6dc0 | 498b cfc5 | f877 4989 | afa8 0300 
  0x000001a4afa0eb00: 0049 8987 | 9803 0000 | 4883 ec20 | 40f6 c40f | 0f84 1900 | 0000 4883 | ec08 48b8 | 0088 d84c 
  0x000001a4afa0eb20: fc7f 0000 | ffd0 4883 | c408 e90c | 0000 0048 | b800 88d8 | 4cfc 7f00 | 00ff d048 | 83c4 2049 
  0x000001a4afa0eb40: c787 9803 | 0000 0000 | 0000 49c7 | 87a8 0300 | 0000 0000 | 0049 c787 | a003 0000 | 0000 0000 
  0x000001a4afa0eb60: c5f8 7749 | 837f 0800 | 0f84 0500 | 0000 e98d | 23ff ff49 | 8b87 f003 | 0000 49c7 | 87f0 0300 
  0x000001a4afa0eb80: 0000 0000 | 004c 8b6d | c04c 8b75 | c84e 8d74 | f500 c349 | 8b8f f803 | 0000 49c7 | 87f8 0300 
  0x000001a4afa0eba0: 0000 0000 | 008b d981 | e3ff ff00 | 00c1 e91c | 83e1 0f83 | f904 7509 | 8b04 1850 | e96f 0000 
  0x000001a4afa0ebc0: 0083 f906 | 7513 c5fa | 1004 1848 | 83ec 08c5 | fa11 0424 | e957 0000 | 0083 f903 | 750a 0fbf 
  0x000001a4afa0ebe0: 0418 50e9 | 4800 0000 | 83f9 0075 | 0a0f be04 | 1850 e939 | 0000 0083 | f902 750a | 0fb7 0418 
  0x000001a4afa0ec00: 50e9 2a00 | 0000 83f9 | 0175 0a0f | be04 1850 | e91b 0000 | 0048 b938 | 9945 4dfc | 7f00 0048 
  0x000001a4afa0ec20: 83e4 f048 | b8e0 44fd | 4cfc 7f00 | 00ff d0f4 | 410f b65d | 0249 83c5 | 0249 bab0 | 2867 4dfc 
  0x000001a4afa0ec40: 7f00 0041 | ff24 da90 
[/MachCode]

---------------  P R O C E S S  ---------------

Threads class SMR info:
_java_thread_list=0x000001a4bce76430, length=11, elements={
0x000001a49da57670, 0x000001a4bcc60440, 0x000001a4bcc4a440, 0x000001a4bcc69360,
0x000001a4bcc52890, 0x000001a4bcc57660, 0x000001a4bcc75150, 0x000001a4bcc774c0,
0x000001a4bcc79930, 0x000001a4bce67b00, 0x000001a4bce648e0
}

Java Threads: ( => current thread )
=>0x000001a49da57670 JavaThread "main"                              [_thread_in_vm, id=58696, stack(0x0000003f6c400000,0x0000003f6c500000) (1024K)]
  0x000001a4bcc60440 JavaThread "Reference Handler"          daemon [_thread_blocked, id=58980, stack(0x0000003f6cc00000,0x0000003f6cd00000) (1024K)]
  0x000001a4bcc4a440 JavaThread "Finalizer"                  daemon [_thread_blocked, id=58992, stack(0x0000003f6cd00000,0x0000003f6ce00000) (1024K)]
  0x000001a4bcc69360 JavaThread "Signal Dispatcher"          daemon [_thread_blocked, id=58996, stack(0x0000003f6ce00000,0x0000003f6cf00000) (1024K)]
  0x000001a4bcc52890 JavaThread "Attach Listener"            daemon [_thread_blocked, id=59000, stack(0x0000003f6cf00000,0x0000003f6d000000) (1024K)]
  0x000001a4bcc57660 JavaThread "Service Thread"             daemon [_thread_blocked, id=59004, stack(0x0000003f6d000000,0x0000003f6d100000) (1024K)]
  0x000001a4bcc75150 JavaThread "Monitor Deflation Thread"   daemon [_thread_blocked, id=59008, stack(0x0000003f6d100000,0x0000003f6d200000) (1024K)]
  0x000001a4bcc774c0 JavaThread "C2 CompilerThread0"         daemon [_thread_blocked, id=59012, stack(0x0000003f6d200000,0x0000003f6d300000) (1024K)]
  0x000001a4bcc79930 JavaThread "C1 CompilerThread0"         daemon [_thread_blocked, id=59016, stack(0x0000003f6d300000,0x0000003f6d400000) (1024K)]
  0x000001a4bce67b00 JavaThread "Notification Thread"        daemon [_thread_blocked, id=59024, stack(0x0000003f6d400000,0x0000003f6d500000) (1024K)]
  0x000001a4bce648e0 JavaThread "Common-Cleaner"             daemon [_thread_blocked, id=59028, stack(0x0000003f6d500000,0x0000003f6d600000) (1024K)]
Total: 11

Other Threads:
  0x000001a4bcbac9d0 VMThread "VM Thread"                           [id=58968, stack(0x0000003f6cb00000,0x0000003f6cc00000) (1024K)] _threads_hazard_ptr=0x000001a4bce76430
  0x000001a4bcb5cb80 WatcherThread "VM Periodic Task Thread"        [id=58916, stack(0x0000003f6ca00000,0x0000003f6cb00000) (1024K)]
  0x000001a49fe32300 WorkerThread "GC Thread#0"                     [id=58700, stack(0x0000003f6c500000,0x0000003f6c600000) (1024K)]
  0x000001a49fe436e0 ConcurrentGCThread "G1 Main Marker"            [id=58704, stack(0x0000003f6c600000,0x0000003f6c700000) (1024K)]
  0x000001a49fe441e0 WorkerThread "G1 Conc#0"                       [id=58708, stack(0x0000003f6c700000,0x0000003f6c800000) (1024K)]
  0x000001a4bca2b940 ConcurrentGCThread "G1 Refine#0"               [id=58816, stack(0x0000003f6c800000,0x0000003f6c900000) (1024K)]
  0x000001a4bca2e170 ConcurrentGCThread "G1 Service"                [id=58820, stack(0x0000003f6c900000,0x0000003f6ca00000) (1024K)]
Total: 7

Threads with active compile tasks:
Total: 0

VM state: synchronizing (normal execution)

VM Mutex/Monitor currently owned by a thread:  ([mutex/lock_event])
[0x00007ffc4d65c308] Metaspace_lock - owner thread: 0x000001a49da57670
[0x00007ffc4d65e308] Threads_lock - owner thread: 0x000001a4bcbac9d0

Heap address: 0x0000000089800000, size: 1896 MB, Compressed Oops mode: 32-bit

CDS archive(s) not mapped
Compressed class space mapped at: 0x0000000100000000-0x0000000140000000, reserved size: 1073741824
Narrow klass base: 0x0000000000000000, Narrow klass shift: 3, Narrow klass range: 0x140000000

GC Precious Log:
 CardTable entry size: 512
 Card Set container configuration: InlinePtr #cards 5 size 8 Array Of Cards #cards 12 size 40 Howl #buckets 4 coarsen threshold 1843 Howl Bitmap #cards 512 size 80 coarsen threshold 460 Card regions per heap region 1 cards per card region 2048
 CPUs: 12 total, 12 available
 Memory: 7583M
 Large Page Support: Disabled
 NUMA Support: Disabled
 Compressed Oops: Enabled (32-bit)
 Heap Region Size: 1M
 Heap Min Capacity: 8M
 Heap Initial Capacity: 120M
 Heap Max Capacity: 1896M
 Pre-touch: Disabled
 Parallel Workers: 10
 Concurrent Workers: 3
 Concurrent Refinement Workers: 10
 Periodic GC: Disabled

Heap:
 garbage-first heap   total 122880K, used 2048K [0x0000000089800000, 0x0000000100000000)
  region size 1024K, 2 young (2048K), 0 survivors (0K)
 Metaspace       used 5926K, committed 6016K, reserved 1114112K
  class space    used 469K, committed 512K, reserved 1048576K

Heap Regions: E=young(eden), S=young(survivor), O=old, HS=humongous(starts), HC=humongous(continues), CS=collection set, F=free, TAMS=top-at-mark-start, PB=parsable bottom
|   0|0x0000000089800000, 0x0000000089900000, 0x0000000089900000|100%|HS|  |TAMS 0x0000000089800000| PB 0x0000000089800000| Complete 
|   1|0x0000000089900000, 0x0000000089900000, 0x0000000089a00000|  0%| F|  |TAMS 0x0000000089900000| PB 0x0000000089900000| Untracked 
|   2|0x0000000089a00000, 0x0000000089a00000, 0x0000000089b00000|  0%| F|  |TAMS 0x0000000089a00000| PB 0x0000000089a00000| Untracked 
|   3|0x0000000089b00000, 0x0000000089b00000, 0x0000000089c00000|  0%| F|  |TAMS 0x0000000089b00000| PB 0x0000000089b00000| Untracked 
|   4|0x0000000089c00000, 0x0000000089c00000, 0x0000000089d00000|  0%| F|  |TAMS 0x0000000089c00000| PB 0x0000000089c00000| Untracked 
|   5|0x0000000089d00000, 0x0000000089d00000, 0x0000000089e00000|  0%| F|  |TAMS 0x0000000089d00000| PB 0x0000000089d00000| Untracked 
|   6|0x0000000089e00000, 0x0000000089e00000, 0x0000000089f00000|  0%| F|  |TAMS 0x0000000089e00000| PB 0x0000000089e00000| Untracked 
|   7|0x0000000089f00000, 0x0000000089f00000, 0x000000008a000000|  0%| F|  |TAMS 0x0000000089f00000| PB 0x0000000089f00000| Untracked 
|   8|0x000000008a000000, 0x000000008a000000, 0x000000008a100000|  0%| F|  |TAMS 0x000000008a000000| PB 0x000000008a000000| Untracked 
|   9|0x000000008a100000, 0x000000008a100000, 0x000000008a200000|  0%| F|  |TAMS 0x000000008a100000| PB 0x000000008a100000| Untracked 
|  10|0x000000008a200000, 0x000000008a200000, 0x000000008a300000|  0%| F|  |TAMS 0x000000008a200000| PB 0x000000008a200000| Untracked 
|  11|0x000000008a300000, 0x000000008a300000, 0x000000008a400000|  0%| F|  |TAMS 0x000000008a300000| PB 0x000000008a300000| Untracked 
|  12|0x000000008a400000, 0x000000008a400000, 0x000000008a500000|  0%| F|  |TAMS 0x000000008a400000| PB 0x000000008a400000| Untracked 
|  13|0x000000008a500000, 0x000000008a500000, 0x000000008a600000|  0%| F|  |TAMS 0x000000008a500000| PB 0x000000008a500000| Untracked 
|  14|0x000000008a600000, 0x000000008a600000, 0x000000008a700000|  0%| F|  |TAMS 0x000000008a600000| PB 0x000000008a600000| Untracked 
|  15|0x000000008a700000, 0x000000008a700000, 0x000000008a800000|  0%| F|  |TAMS 0x000000008a700000| PB 0x000000008a700000| Untracked 
|  16|0x000000008a800000, 0x000000008a800000, 0x000000008a900000|  0%| F|  |TAMS 0x000000008a800000| PB 0x000000008a800000| Untracked 
|  17|0x000000008a900000, 0x000000008a900000, 0x000000008aa00000|  0%| F|  |TAMS 0x000000008a900000| PB 0x000000008a900000| Untracked 
|  18|0x000000008aa00000, 0x000000008aa00000, 0x000000008ab00000|  0%| F|  |TAMS 0x000000008aa00000| PB 0x000000008aa00000| Untracked 
|  19|0x000000008ab00000, 0x000000008ab00000, 0x000000008ac00000|  0%| F|  |TAMS 0x000000008ab00000| PB 0x000000008ab00000| Untracked 
|  20|0x000000008ac00000, 0x000000008ac00000, 0x000000008ad00000|  0%| F|  |TAMS 0x000000008ac00000| PB 0x000000008ac00000| Untracked 
|  21|0x000000008ad00000, 0x000000008ad00000, 0x000000008ae00000|  0%| F|  |TAMS 0x000000008ad00000| PB 0x000000008ad00000| Untracked 
|  22|0x000000008ae00000, 0x000000008ae00000, 0x000000008af00000|  0%| F|  |TAMS 0x000000008ae00000| PB 0x000000008ae00000| Untracked 
|  23|0x000000008af00000, 0x000000008af00000, 0x000000008b000000|  0%| F|  |TAMS 0x000000008af00000| PB 0x000000008af00000| Untracked 
|  24|0x000000008b000000, 0x000000008b000000, 0x000000008b100000|  0%| F|  |TAMS 0x000000008b000000| PB 0x000000008b000000| Untracked 
|  25|0x000000008b100000, 0x000000008b100000, 0x000000008b200000|  0%| F|  |TAMS 0x000000008b100000| PB 0x000000008b100000| Untracked 
|  26|0x000000008b200000, 0x000000008b200000, 0x000000008b300000|  0%| F|  |TAMS 0x000000008b200000| PB 0x000000008b200000| Untracked 
|  27|0x000000008b300000, 0x000000008b300000, 0x000000008b400000|  0%| F|  |TAMS 0x000000008b300000| PB 0x000000008b300000| Untracked 
|  28|0x000000008b400000, 0x000000008b400000, 0x000000008b500000|  0%| F|  |TAMS 0x000000008b400000| PB 0x000000008b400000| Untracked 
|  29|0x000000008b500000, 0x000000008b500000, 0x000000008b600000|  0%| F|  |TAMS 0x000000008b500000| PB 0x000000008b500000| Untracked 
|  30|0x000000008b600000, 0x000000008b600000, 0x000000008b700000|  0%| F|  |TAMS 0x000000008b600000| PB 0x000000008b600000| Untracked 
|  31|0x000000008b700000, 0x000000008b700000, 0x000000008b800000|  0%| F|  |TAMS 0x000000008b700000| PB 0x000000008b700000| Untracked 
|  32|0x000000008b800000, 0x000000008b800000, 0x000000008b900000|  0%| F|  |TAMS 0x000000008b800000| PB 0x000000008b800000| Untracked 
|  33|0x000000008b900000, 0x000000008b900000, 0x000000008ba00000|  0%| F|  |TAMS 0x000000008b900000| PB 0x000000008b900000| Untracked 
|  34|0x000000008ba00000, 0x000000008ba00000, 0x000000008bb00000|  0%| F|  |TAMS 0x000000008ba00000| PB 0x000000008ba00000| Untracked 
|  35|0x000000008bb00000, 0x000000008bb00000, 0x000000008bc00000|  0%| F|  |TAMS 0x000000008bb00000| PB 0x000000008bb00000| Untracked 
|  36|0x000000008bc00000, 0x000000008bc00000, 0x000000008bd00000|  0%| F|  |TAMS 0x000000008bc00000| PB 0x000000008bc00000| Untracked 
|  37|0x000000008bd00000, 0x000000008bd00000, 0x000000008be00000|  0%| F|  |TAMS 0x000000008bd00000| PB 0x000000008bd00000| Untracked 
|  38|0x000000008be00000, 0x000000008be00000, 0x000000008bf00000|  0%| F|  |TAMS 0x000000008be00000| PB 0x000000008be00000| Untracked 
|  39|0x000000008bf00000, 0x000000008bf00000, 0x000000008c000000|  0%| F|  |TAMS 0x000000008bf00000| PB 0x000000008bf00000| Untracked 
|  40|0x000000008c000000, 0x000000008c000000, 0x000000008c100000|  0%| F|  |TAMS 0x000000008c000000| PB 0x000000008c000000| Untracked 
|  41|0x000000008c100000, 0x000000008c100000, 0x000000008c200000|  0%| F|  |TAMS 0x000000008c100000| PB 0x000000008c100000| Untracked 
|  42|0x000000008c200000, 0x000000008c200000, 0x000000008c300000|  0%| F|  |TAMS 0x000000008c200000| PB 0x000000008c200000| Untracked 
|  43|0x000000008c300000, 0x000000008c300000, 0x000000008c400000|  0%| F|  |TAMS 0x000000008c300000| PB 0x000000008c300000| Untracked 
|  44|0x000000008c400000, 0x000000008c400000, 0x000000008c500000|  0%| F|  |TAMS 0x000000008c400000| PB 0x000000008c400000| Untracked 
|  45|0x000000008c500000, 0x000000008c500000, 0x000000008c600000|  0%| F|  |TAMS 0x000000008c500000| PB 0x000000008c500000| Untracked 
|  46|0x000000008c600000, 0x000000008c600000, 0x000000008c700000|  0%| F|  |TAMS 0x000000008c600000| PB 0x000000008c600000| Untracked 
|  47|0x000000008c700000, 0x000000008c700000, 0x000000008c800000|  0%| F|  |TAMS 0x000000008c700000| PB 0x000000008c700000| Untracked 
|  48|0x000000008c800000, 0x000000008c800000, 0x000000008c900000|  0%| F|  |TAMS 0x000000008c800000| PB 0x000000008c800000| Untracked 
|  49|0x000000008c900000, 0x000000008c900000, 0x000000008ca00000|  0%| F|  |TAMS 0x000000008c900000| PB 0x000000008c900000| Untracked 
|  50|0x000000008ca00000, 0x000000008ca00000, 0x000000008cb00000|  0%| F|  |TAMS 0x000000008ca00000| PB 0x000000008ca00000| Untracked 
|  51|0x000000008cb00000, 0x000000008cb00000, 0x000000008cc00000|  0%| F|  |TAMS 0x000000008cb00000| PB 0x000000008cb00000| Untracked 
|  52|0x000000008cc00000, 0x000000008cc00000, 0x000000008cd00000|  0%| F|  |TAMS 0x000000008cc00000| PB 0x000000008cc00000| Untracked 
|  53|0x000000008cd00000, 0x000000008cd00000, 0x000000008ce00000|  0%| F|  |TAMS 0x000000008cd00000| PB 0x000000008cd00000| Untracked 
|  54|0x000000008ce00000, 0x000000008ce00000, 0x000000008cf00000|  0%| F|  |TAMS 0x000000008ce00000| PB 0x000000008ce00000| Untracked 
|  55|0x000000008cf00000, 0x000000008cf00000, 0x000000008d000000|  0%| F|  |TAMS 0x000000008cf00000| PB 0x000000008cf00000| Untracked 
|  56|0x000000008d000000, 0x000000008d000000, 0x000000008d100000|  0%| F|  |TAMS 0x000000008d000000| PB 0x000000008d000000| Untracked 
|  57|0x000000008d100000, 0x000000008d100000, 0x000000008d200000|  0%| F|  |TAMS 0x000000008d100000| PB 0x000000008d100000| Untracked 
|  58|0x000000008d200000, 0x000000008d200000, 0x000000008d300000|  0%| F|  |TAMS 0x000000008d200000| PB 0x000000008d200000| Untracked 
|  59|0x000000008d300000, 0x000000008d300000, 0x000000008d400000|  0%| F|  |TAMS 0x000000008d300000| PB 0x000000008d300000| Untracked 
|  60|0x000000008d400000, 0x000000008d400000, 0x000000008d500000|  0%| F|  |TAMS 0x000000008d400000| PB 0x000000008d400000| Untracked 
|  61|0x000000008d500000, 0x000000008d500000, 0x000000008d600000|  0%| F|  |TAMS 0x000000008d500000| PB 0x000000008d500000| Untracked 
|  62|0x000000008d600000, 0x000000008d600000, 0x000000008d700000|  0%| F|  |TAMS 0x000000008d600000| PB 0x000000008d600000| Untracked 
|  63|0x000000008d700000, 0x000000008d700000, 0x000000008d800000|  0%| F|  |TAMS 0x000000008d700000| PB 0x000000008d700000| Untracked 
|  64|0x000000008d800000, 0x000000008d800000, 0x000000008d900000|  0%| F|  |TAMS 0x000000008d800000| PB 0x000000008d800000| Untracked 
|  65|0x000000008d900000, 0x000000008d900000, 0x000000008da00000|  0%| F|  |TAMS 0x000000008d900000| PB 0x000000008d900000| Untracked 
|  66|0x000000008da00000, 0x000000008da00000, 0x000000008db00000|  0%| F|  |TAMS 0x000000008da00000| PB 0x000000008da00000| Untracked 
|  67|0x000000008db00000, 0x000000008db00000, 0x000000008dc00000|  0%| F|  |TAMS 0x000000008db00000| PB 0x000000008db00000| Untracked 
|  68|0x000000008dc00000, 0x000000008dc00000, 0x000000008dd00000|  0%| F|  |TAMS 0x000000008dc00000| PB 0x000000008dc00000| Untracked 
|  69|0x000000008dd00000, 0x000000008dd00000, 0x000000008de00000|  0%| F|  |TAMS 0x000000008dd00000| PB 0x000000008dd00000| Untracked 
|  70|0x000000008de00000, 0x000000008de00000, 0x000000008df00000|  0%| F|  |TAMS 0x000000008de00000| PB 0x000000008de00000| Untracked 
|  71|0x000000008df00000, 0x000000008df00000, 0x000000008e000000|  0%| F|  |TAMS 0x000000008df00000| PB 0x000000008df00000| Untracked 
|  72|0x000000008e000000, 0x000000008e000000, 0x000000008e100000|  0%| F|  |TAMS 0x000000008e000000| PB 0x000000008e000000| Untracked 
|  73|0x000000008e100000, 0x000000008e100000, 0x000000008e200000|  0%| F|  |TAMS 0x000000008e100000| PB 0x000000008e100000| Untracked 
|  74|0x000000008e200000, 0x000000008e200000, 0x000000008e300000|  0%| F|  |TAMS 0x000000008e200000| PB 0x000000008e200000| Untracked 
|  75|0x000000008e300000, 0x000000008e300000, 0x000000008e400000|  0%| F|  |TAMS 0x000000008e300000| PB 0x000000008e300000| Untracked 
|  76|0x000000008e400000, 0x000000008e400000, 0x000000008e500000|  0%| F|  |TAMS 0x000000008e400000| PB 0x000000008e400000| Untracked 
|  77|0x000000008e500000, 0x000000008e500000, 0x000000008e600000|  0%| F|  |TAMS 0x000000008e500000| PB 0x000000008e500000| Untracked 
|  78|0x000000008e600000, 0x000000008e600000, 0x000000008e700000|  0%| F|  |TAMS 0x000000008e600000| PB 0x000000008e600000| Untracked 
|  79|0x000000008e700000, 0x000000008e700000, 0x000000008e800000|  0%| F|  |TAMS 0x000000008e700000| PB 0x000000008e700000| Untracked 
|  80|0x000000008e800000, 0x000000008e800000, 0x000000008e900000|  0%| F|  |TAMS 0x000000008e800000| PB 0x000000008e800000| Untracked 
|  81|0x000000008e900000, 0x000000008e900000, 0x000000008ea00000|  0%| F|  |TAMS 0x000000008e900000| PB 0x000000008e900000| Untracked 
|  82|0x000000008ea00000, 0x000000008ea00000, 0x000000008eb00000|  0%| F|  |TAMS 0x000000008ea00000| PB 0x000000008ea00000| Untracked 
|  83|0x000000008eb00000, 0x000000008eb00000, 0x000000008ec00000|  0%| F|  |TAMS 0x000000008eb00000| PB 0x000000008eb00000| Untracked 
|  84|0x000000008ec00000, 0x000000008ec00000, 0x000000008ed00000|  0%| F|  |TAMS 0x000000008ec00000| PB 0x000000008ec00000| Untracked 
|  85|0x000000008ed00000, 0x000000008ed00000, 0x000000008ee00000|  0%| F|  |TAMS 0x000000008ed00000| PB 0x000000008ed00000| Untracked 
|  86|0x000000008ee00000, 0x000000008ee00000, 0x000000008ef00000|  0%| F|  |TAMS 0x000000008ee00000| PB 0x000000008ee00000| Untracked 
|  87|0x000000008ef00000, 0x000000008ef00000, 0x000000008f000000|  0%| F|  |TAMS 0x000000008ef00000| PB 0x000000008ef00000| Untracked 
|  88|0x000000008f000000, 0x000000008f000000, 0x000000008f100000|  0%| F|  |TAMS 0x000000008f000000| PB 0x000000008f000000| Untracked 
|  89|0x000000008f100000, 0x000000008f100000, 0x000000008f200000|  0%| F|  |TAMS 0x000000008f100000| PB 0x000000008f100000| Untracked 
|  90|0x000000008f200000, 0x000000008f200000, 0x000000008f300000|  0%| F|  |TAMS 0x000000008f200000| PB 0x000000008f200000| Untracked 
|  91|0x000000008f300000, 0x000000008f300000, 0x000000008f400000|  0%| F|  |TAMS 0x000000008f300000| PB 0x000000008f300000| Untracked 
|  92|0x000000008f400000, 0x000000008f400000, 0x000000008f500000|  0%| F|  |TAMS 0x000000008f400000| PB 0x000000008f400000| Untracked 
|  93|0x000000008f500000, 0x000000008f500000, 0x000000008f600000|  0%| F|  |TAMS 0x000000008f500000| PB 0x000000008f500000| Untracked 
|  94|0x000000008f600000, 0x000000008f600000, 0x000000008f700000|  0%| F|  |TAMS 0x000000008f600000| PB 0x000000008f600000| Untracked 
|  95|0x000000008f700000, 0x000000008f700000, 0x000000008f800000|  0%| F|  |TAMS 0x000000008f700000| PB 0x000000008f700000| Untracked 
|  96|0x000000008f800000, 0x000000008f800000, 0x000000008f900000|  0%| F|  |TAMS 0x000000008f800000| PB 0x000000008f800000| Untracked 
|  97|0x000000008f900000, 0x000000008f900000, 0x000000008fa00000|  0%| F|  |TAMS 0x000000008f900000| PB 0x000000008f900000| Untracked 
|  98|0x000000008fa00000, 0x000000008fa00000, 0x000000008fb00000|  0%| F|  |TAMS 0x000000008fa00000| PB 0x000000008fa00000| Untracked 
|  99|0x000000008fb00000, 0x000000008fb00000, 0x000000008fc00000|  0%| F|  |TAMS 0x000000008fb00000| PB 0x000000008fb00000| Untracked 
| 100|0x000000008fc00000, 0x000000008fc00000, 0x000000008fd00000|  0%| F|  |TAMS 0x000000008fc00000| PB 0x000000008fc00000| Untracked 
| 101|0x000000008fd00000, 0x000000008fd00000, 0x000000008fe00000|  0%| F|  |TAMS 0x000000008fd00000| PB 0x000000008fd00000| Untracked 
| 102|0x000000008fe00000, 0x000000008fe00000, 0x000000008ff00000|  0%| F|  |TAMS 0x000000008fe00000| PB 0x000000008fe00000| Untracked 
| 103|0x000000008ff00000, 0x000000008ff00000, 0x0000000090000000|  0%| F|  |TAMS 0x000000008ff00000| PB 0x000000008ff00000| Untracked 
| 104|0x0000000090000000, 0x0000000090000000, 0x0000000090100000|  0%| F|  |TAMS 0x0000000090000000| PB 0x0000000090000000| Untracked 
| 105|0x0000000090100000, 0x0000000090100000, 0x0000000090200000|  0%| F|  |TAMS 0x0000000090100000| PB 0x0000000090100000| Untracked 
| 106|0x0000000090200000, 0x0000000090200000, 0x0000000090300000|  0%| F|  |TAMS 0x0000000090200000| PB 0x0000000090200000| Untracked 
| 107|0x0000000090300000, 0x0000000090300000, 0x0000000090400000|  0%| F|  |TAMS 0x0000000090300000| PB 0x0000000090300000| Untracked 
| 108|0x0000000090400000, 0x0000000090400000, 0x0000000090500000|  0%| F|  |TAMS 0x0000000090400000| PB 0x0000000090400000| Untracked 
| 109|0x0000000090500000, 0x0000000090500000, 0x0000000090600000|  0%| F|  |TAMS 0x0000000090500000| PB 0x0000000090500000| Untracked 
| 110|0x0000000090600000, 0x0000000090600000, 0x0000000090700000|  0%| F|  |TAMS 0x0000000090600000| PB 0x0000000090600000| Untracked 
| 111|0x0000000090700000, 0x0000000090700000, 0x0000000090800000|  0%| F|  |TAMS 0x0000000090700000| PB 0x0000000090700000| Untracked 
| 112|0x0000000090800000, 0x0000000090800000, 0x0000000090900000|  0%| F|  |TAMS 0x0000000090800000| PB 0x0000000090800000| Untracked 
| 113|0x0000000090900000, 0x0000000090900000, 0x0000000090a00000|  0%| F|  |TAMS 0x0000000090900000| PB 0x0000000090900000| Untracked 
| 114|0x0000000090a00000, 0x0000000090a00000, 0x0000000090b00000|  0%| F|  |TAMS 0x0000000090a00000| PB 0x0000000090a00000| Untracked 
| 115|0x0000000090b00000, 0x0000000090b00000, 0x0000000090c00000|  0%| F|  |TAMS 0x0000000090b00000| PB 0x0000000090b00000| Untracked 
| 116|0x0000000090c00000, 0x0000000090c00000, 0x0000000090d00000|  0%| F|  |TAMS 0x0000000090c00000| PB 0x0000000090c00000| Untracked 
| 117|0x0000000090d00000, 0x0000000090d00000, 0x0000000090e00000|  0%| F|  |TAMS 0x0000000090d00000| PB 0x0000000090d00000| Untracked 
| 118|0x0000000090e00000, 0x0000000090f00000, 0x0000000090f00000|100%| E|  |TAMS 0x0000000090e00000| PB 0x0000000090e00000| Complete 
| 119|0x0000000090f00000, 0x0000000091000000, 0x0000000091000000|100%| E|CS|TAMS 0x0000000090f00000| PB 0x0000000090f00000| Complete 

Card table byte_map: [0x000001a4b7de0000,0x000001a4b81a0000] _byte_map_base: 0x000001a4b7994000

Marking Bits: (CMBitMap*) 0x000001a49fe32a00
 Bits: [0x000001a4b81a0000, 0x000001a4b9f40000)

Polling page: 0x000001a49f5a0000

Metaspace:

Usage:
  Non-class:      5.33 MB used.
      Class:    469.73 KB used.
       Both:      5.79 MB used.

Virtual space:
  Non-class space:       64.00 MB reserved,       5.38 MB (  8%) committed,  1 nodes.
      Class space:        1.00 GB reserved,     512.00 KB ( <1%) committed,  1 nodes.
             Both:        1.06 GB reserved,       5.88 MB ( <1%) committed. 

Chunk freelists:
   Non-Class:  10.48 MB
       Class:  15.53 MB
        Both:  26.01 MB

MaxMetaspaceSize: unlimited
CompressedClassSpaceSize: 1.00 GB
Initial GC threshold: 21.00 MB
Current GC threshold: 21.00 MB
CDS: off
 - commit_granule_bytes: 65536.
 - commit_granule_words: 8192.
 - virtual_space_node_default_size: 8388608.
 - enlarge_chunks_in_place: 1.
 - use_allocation_guard: 0.


Internal statistics:

num_allocs_failed_limit: 0.
num_arena_births: 4.
num_arena_deaths: 0.
num_vsnodes_births: 2.
num_vsnodes_deaths: 0.
num_space_committed: 94.
num_space_uncommitted: 0.
num_chunks_returned_to_freelist: 0.
num_chunks_taken_from_freelist: 13.
num_chunk_merges: 0.
num_chunk_splits: 6.
num_chunks_enlarged: 2.
num_inconsistent_stats: 0.

CodeHeap 'non-profiled nmethods': size=120000Kb used=30Kb max_used=30Kb free=119969Kb
 bounds [0x000001a4affa0000, 0x000001a4b0210000, 0x000001a4b74d0000]
CodeHeap 'profiled nmethods': size=120000Kb used=126Kb max_used=126Kb free=119873Kb
 bounds [0x000001a4a84d0000, 0x000001a4a8740000, 0x000001a4afa00000]
CodeHeap 'non-nmethods': size=5760Kb used=1241Kb max_used=1241Kb free=4519Kb
 bounds [0x000001a4afa00000, 0x000001a4afc70000, 0x000001a4affa0000]
 total_blobs=468 nmethods=103 adapters=270
 compilation: enabled
              stopped_count=0, restarted_count=0
 full_count=0

Compilation events (20 events):
Event: 6.576 Thread 0x000001a4bcc79930 nmethod 90 0x000001a4a84ecd10 code [0x000001a4a84ecec0, 0x000001a4a84ed068]
Event: 6.576 Thread 0x000001a4bcc79930   91       3       java.util.zip.ZipFile$Source::zipCoderForPos (39 bytes)
Event: 6.576 Thread 0x000001a4bcc79930 nmethod 91 0x000001a4a84ed190 code [0x000001a4a84ed360, 0x000001a4a84ed738]
Event: 6.576 Thread 0x000001a4bcc79930   92       3       java.util.zip.ZipCoder$UTF8ZipCoder::checkedHash (79 bytes)
Event: 6.576 Thread 0x000001a4bcc79930 nmethod 92 0x000001a4a84ed890 code [0x000001a4a84edaa0, 0x000001a4a84edee0]
Event: 6.576 Thread 0x000001a4bcc79930   93       3       java.lang.System$2::countPositives (7 bytes)
Event: 6.576 Thread 0x000001a4bcc79930 nmethod 93 0x000001a4a84ee110 code [0x000001a4a84ee2c0, 0x000001a4a84ee538]
Event: 6.576 Thread 0x000001a4bcc79930   94       3       java.util.zip.ZipFile$Source::isMetaName (141 bytes)
Event: 6.577 Thread 0x000001a4bcc79930 nmethod 94 0x000001a4a84ee690 code [0x000001a4a84ee860, 0x000001a4a84eed00]
Event: 6.577 Thread 0x000001a4bcc79930   95       3       java.util.zip.ZipFile$Source::nextEntryPos (22 bytes)
Event: 6.577 Thread 0x000001a4bcc79930 nmethod 95 0x000001a4a84eee90 code [0x000001a4a84ef060, 0x000001a4a84ef388]
Event: 6.578 Thread 0x000001a4bcc774c0 nmethod 83 0x000001a4affa4b90 code [0x000001a4affa4d20, 0x000001a4affa4e00]
Event: 6.578 Thread 0x000001a4bcc774c0   96       4       java.lang.StringCoding::countPositives (33 bytes)
Event: 6.581 Thread 0x000001a4bcc774c0 nmethod 96 0x000001a4affa4f10 code [0x000001a4affa50a0, 0x000001a4affa5238]
Event: 6.581 Thread 0x000001a4bcc774c0   97       4       jdk.internal.util.ArraysSupport::vectorizedHashCode (158 bytes)
Event: 6.586 Thread 0x000001a4bcc774c0 nmethod 97 0x000001a4affa5310 code [0x000001a4affa54a0, 0x000001a4affa56d8]
Event: 6.586 Thread 0x000001a4bcc774c0   98   !   4       java.util.zip.ZipFile$Source::checkAndAddEntry (295 bytes)
Event: 6.617 Thread 0x000001a4bcc774c0 nmethod 98 0x000001a4affa5810 code [0x000001a4affa5a20, 0x000001a4affa6538]
Event: 6.639 Thread 0x000001a4bcc79930   99       3       java.lang.String::indexOf (7 bytes)
Event: 6.639 Thread 0x000001a4bcc79930 nmethod 99 0x000001a4a84ef590 code [0x000001a4a84ef740, 0x000001a4a84ef880]

GC Heap History (0 events):
No events

Dll operation events (5 events):
Event: 0.156 Loaded shared library C:\Program Files\Eclipse Adoptium\jdk-21.0.7.6-hotspot\bin\java.dll
Event: 6.150 Loaded shared library C:\Program Files\Eclipse Adoptium\jdk-21.0.7.6-hotspot\bin\jsvml.dll
Event: 6.446 Loaded shared library C:\Program Files\Eclipse Adoptium\jdk-21.0.7.6-hotspot\bin\net.dll
Event: 6.459 Loaded shared library C:\Program Files\Eclipse Adoptium\jdk-21.0.7.6-hotspot\bin\nio.dll
Event: 6.618 Loaded shared library C:\Program Files\Eclipse Adoptium\jdk-21.0.7.6-hotspot\bin\zip.dll

Deoptimization events (0 events):
No events

Classes loaded (20 events):
Event: 6.660 Loading class java/lang/invoke/ClassSpecializer$SpeciesData
Event: 6.660 Loading class java/lang/invoke/ClassSpecializer$SpeciesData done
Event: 6.660 Loading class java/lang/invoke/BoundMethodHandle$SpeciesData done
Event: 6.660 Loading class java/lang/invoke/BoundMethodHandle$Specializer$Factory
Event: 6.660 Loading class java/lang/invoke/ClassSpecializer$Factory
Event: 6.661 Loading class java/lang/invoke/ClassSpecializer$Factory done
Event: 6.661 Loading class java/lang/invoke/BoundMethodHandle$Specializer$Factory done
Event: 6.661 Loading class java/lang/invoke/SimpleMethodHandle
Event: 6.661 Loading class java/lang/invoke/SimpleMethodHandle done
Event: 6.662 Loading class java/lang/NoSuchFieldException
Event: 6.662 Loading class java/lang/NoSuchFieldException done
Event: 6.662 Loading class java/lang/invoke/BoundMethodHandle$Species_L
Event: 6.662 Loading class java/lang/invoke/BoundMethodHandle$Species_L done
Event: 6.663 Loading class java/lang/invoke/DirectMethodHandle$2
Event: 6.663 Loading class java/lang/invoke/DirectMethodHandle$2 done
Event: 6.663 Loading class java/lang/invoke/DirectMethodHandle$Accessor
Event: 6.663 Loading class java/lang/invoke/DirectMethodHandle$Accessor done
Event: 6.663 Loading class java/lang/invoke/DelegatingMethodHandle
Event: 6.664 Loading class java/lang/invoke/DelegatingMethodHandle done
Event: 6.664 Loading class java/lang/invoke/DelegatingMethodHandle$Holder

Classes unloaded (0 events):
No events

Classes redefined (0 events):
No events

Internal exceptions (1 events):
Event: 6.632 Thread 0x000001a49da57670 Exception <a 'java/io/IOException'{0x0000000090ebad00}> (0x0000000090ebad00) 
thrown [s\src\hotspot\share\prims\jni.cpp, line 520]

ZGC Phase Switch (0 events):
No events

VM Operations (3 events):
Event: 6.622 Executing VM operation: HandshakeAllThreads (Deoptimize)
Event: 6.623 Executing VM operation: HandshakeAllThreads (Deoptimize) done
Event: 7.624 Executing VM operation: Cleanup

Memory protections (0 events):
No events

Nmethod flushes (0 events):
No events

Events (11 events):
Event: 4.375 Thread 0x000001a49da57670 Thread added: 0x000001a49da57670
Event: 6.031 Thread 0x000001a49da57670 Thread added: 0x000001a4bcc60440
Event: 6.051 Thread 0x000001a49da57670 Thread added: 0x000001a4bcc4a440
Event: 6.088 Thread 0x000001a49da57670 Thread added: 0x000001a4bcc69360
Event: 6.088 Thread 0x000001a49da57670 Thread added: 0x000001a4bcc52890
Event: 6.089 Thread 0x000001a49da57670 Thread added: 0x000001a4bcc57660
Event: 6.092 Thread 0x000001a49da57670 Thread added: 0x000001a4bcc75150
Event: 6.095 Thread 0x000001a49da57670 Thread added: 0x000001a4bcc774c0
Event: 6.096 Thread 0x000001a49da57670 Thread added: 0x000001a4bcc79930
Event: 6.297 Thread 0x000001a49da57670 Thread added: 0x000001a4bce67b00
Event: 6.381 Thread 0x000001a49da57670 Thread added: 0x000001a4bce648e0


Dynamic libraries:
0x00007ff6385e0000 - 0x00007ff6385ee000 	C:\Program Files\Eclipse Adoptium\jdk-21.0.7.6-hotspot\bin\java.exe
0x00007ffd79700000 - 0x00007ffd79966000 	C:\WINDOWS\SYSTEM32\ntdll.dll
0x00007ffd353a0000 - 0x00007ffd353bb000 	C:\Program Files\Avast Software\Avast\aswhook.dll
0x00007ffd77720000 - 0x00007ffd777e9000 	C:\WINDOWS\System32\KERNEL32.DLL
0x00007ffd76c50000 - 0x00007ffd7701c000 	C:\WINDOWS\System32\KERNELBASE.dll
0x00007ffd77020000 - 0x00007ffd7716b000 	C:\WINDOWS\System32\ucrtbase.dll
0x00007ffd53d80000 - 0x00007ffd53d98000 	C:\Program Files\Eclipse Adoptium\jdk-21.0.7.6-hotspot\bin\jli.dll
0x00007ffd78980000 - 0x00007ffd78b4a000 	C:\WINDOWS\System32\USER32.dll
0x00007ffd76b80000 - 0x00007ffd76ba7000 	C:\WINDOWS\System32\win32u.dll
0x00007ffd79270000 - 0x00007ffd7929b000 	C:\WINDOWS\System32\GDI32.dll
0x00007ffd77170000 - 0x00007ffd772a2000 	C:\WINDOWS\System32\gdi32full.dll
0x00007ffd76ad0000 - 0x00007ffd76b73000 	C:\WINDOWS\System32\msvcp_win.dll
0x00007ffd61a70000 - 0x00007ffd61d0a000 	C:\WINDOWS\WinSxS\amd64_microsoft.windows.common-controls_6595b64144ccf1df_6.0.26100.3912_none_3e07963ce335137e\COMCTL32.dll
0x00007ffd77da0000 - 0x00007ffd77e49000 	C:\WINDOWS\System32\msvcrt.dll
0x00007ffd54050000 - 0x00007ffd5406e000 	C:\Program Files\Eclipse Adoptium\jdk-21.0.7.6-hotspot\bin\VCRUNTIME140.dll
0x00007ffd77d00000 - 0x00007ffd77d30000 	C:\WINDOWS\System32\IMM32.DLL
0x00007ffd73990000 - 0x00007ffd7399c000 	C:\Program Files\Eclipse Adoptium\jdk-21.0.7.6-hotspot\bin\vcruntime140_1.dll
0x00007ffd1af40000 - 0x00007ffd1afcd000 	C:\Program Files\Eclipse Adoptium\jdk-21.0.7.6-hotspot\bin\msvcp140.dll
0x00007ffc4c9b0000 - 0x00007ffc4d740000 	C:\Program Files\Eclipse Adoptium\jdk-21.0.7.6-hotspot\bin\server\jvm.dll
0x00007ffd788c0000 - 0x00007ffd78972000 	C:\WINDOWS\System32\ADVAPI32.dll
0x00007ffd79610000 - 0x00007ffd796b6000 	C:\WINDOWS\System32\sechost.dll
0x00007ffd792b0000 - 0x00007ffd793c6000 	C:\WINDOWS\System32\RPCRT4.dll
0x00007ffd78640000 - 0x00007ffd786b4000 	C:\WINDOWS\System32\WS2_32.dll
0x00007ffd70a70000 - 0x00007ffd70a7b000 	C:\WINDOWS\SYSTEM32\VERSION.dll
0x00007ffd766e0000 - 0x00007ffd7673e000 	C:\WINDOWS\SYSTEM32\POWRPROF.dll
0x00007ffd6e910000 - 0x00007ffd6e946000 	C:\WINDOWS\SYSTEM32\WINMM.dll
0x00007ffd766b0000 - 0x00007ffd766c4000 	C:\WINDOWS\SYSTEM32\UMPDC.dll
0x00007ffd75620000 - 0x00007ffd7563a000 	C:\WINDOWS\SYSTEM32\kernel.appcore.dll
0x00007ffd60db0000 - 0x00007ffd60dba000 	C:\Program Files\Eclipse Adoptium\jdk-21.0.7.6-hotspot\bin\jimage.dll
0x00007ffd69770000 - 0x00007ffd699b1000 	C:\WINDOWS\SYSTEM32\DBGHELP.DLL
0x00007ffd78e10000 - 0x00007ffd79194000 	C:\WINDOWS\System32\combase.dll
0x00007ffd786d0000 - 0x00007ffd787b0000 	C:\WINDOWS\System32\OLEAUT32.dll
0x00007ffd67670000 - 0x00007ffd676a9000 	C:\WINDOWS\SYSTEM32\dbgcore.DLL
0x00007ffd76bb0000 - 0x00007ffd76c49000 	C:\WINDOWS\System32\bcryptPrimitives.dll
0x00007ffd562a0000 - 0x00007ffd562bf000 	C:\Program Files\Eclipse Adoptium\jdk-21.0.7.6-hotspot\bin\java.dll
0x00007ffd77f10000 - 0x00007ffd7863d000 	C:\WINDOWS\System32\SHELL32.dll
0x00007ffd76890000 - 0x00007ffd76a04000 	C:\WINDOWS\System32\wintypes.dll
0x00007ffd744c0000 - 0x00007ffd74d16000 	C:\WINDOWS\SYSTEM32\windows.storage.dll
0x00007ffd78d10000 - 0x00007ffd78dff000 	C:\WINDOWS\System32\SHCORE.dll
0x00007ffd774c0000 - 0x00007ffd77529000 	C:\WINDOWS\System32\shlwapi.dll
0x00007ffd767a0000 - 0x00007ffd767cf000 	C:\WINDOWS\SYSTEM32\profapi.dll
0x00007ffd10c40000 - 0x00007ffd10d17000 	C:\Program Files\Eclipse Adoptium\jdk-21.0.7.6-hotspot\bin\jsvml.dll
0x00007ffd60950000 - 0x00007ffd60960000 	C:\Program Files\Eclipse Adoptium\jdk-21.0.7.6-hotspot\bin\net.dll
0x00007ffd6c250000 - 0x00007ffd6c36e000 	C:\WINDOWS\SYSTEM32\WINHTTP.dll
0x00007ffd75b70000 - 0x00007ffd75bda000 	C:\WINDOWS\system32\mswsock.dll
0x00007ffd53730000 - 0x00007ffd53746000 	C:\Program Files\Eclipse Adoptium\jdk-21.0.7.6-hotspot\bin\nio.dll
0x00007ffd53060000 - 0x00007ffd53078000 	C:\Program Files\Eclipse Adoptium\jdk-21.0.7.6-hotspot\bin\zip.dll

dbghelp: loaded successfully - version: 4.0.5 - missing functions: none
symbol engine: initialized successfully - sym options: 0x614 - pdb path: .;C:\Program Files\Eclipse Adoptium\jdk-21.0.7.6-hotspot\bin;C:\WINDOWS\SYSTEM32;C:\Program Files\Avast Software\Avast;C:\WINDOWS\WinSxS\amd64_microsoft.windows.common-controls_6595b64144ccf1df_6.0.26100.3912_none_3e07963ce335137e;C:\Program Files\Eclipse Adoptium\jdk-21.0.7.6-hotspot\bin\server

VM Arguments:
jvm_args: -Dfile.encoding=UTF-8 -Ddb2.jcc.charsetDecoderEncoder=3 
java_command: com.ibm.db2.server.DssLauncher 3000 off c:\Users\berna\AppData\Roaming\Cursor\logs\20250527T185712\window1\exthost\IBM.db2forzosdeveloperextension -Xmx256M
java_class_path (initial): c:\Users\berna\.cursor\extensions\ibm.db2forzosdeveloperextension-2.2.2\dist\dss-dist-1-SNAPSHOT.jar;;c:\Users\berna\.cursor\extensions\ibm.db2forzosdeveloperextension-2.2.2\lib\db2jcc4.jar;c:\Users\berna\.cursor\extensions\ibm.db2forzosdeveloperextension-2.2.2\lib\sqlj4.zip
Launcher Type: SUN_STANDARD

[Global flags]
     intx CICompilerCount                          = 4                                         {product} {ergonomic}
     uint ConcGCThreads                            = 3                                         {product} {ergonomic}
     uint G1ConcRefinementThreads                  = 10                                        {product} {ergonomic}
   size_t G1HeapRegionSize                         = 1048576                                   {product} {ergonomic}
    uintx GCDrainStackTargetSize                   = 64                                        {product} {ergonomic}
   size_t InitialHeapSize                          = 125829120                                 {product} {ergonomic}
   size_t MarkStackSize                            = 4194304                                   {product} {ergonomic}
   size_t MaxHeapSize                              = 1988100096                                {product} {ergonomic}
   size_t MaxNewSize                               = 1192230912                                {product} {ergonomic}
   size_t MinHeapDeltaBytes                        = 1048576                                   {product} {ergonomic}
   size_t MinHeapSize                              = 8388608                                   {product} {ergonomic}
    uintx NonNMethodCodeHeapSize                   = 5839372                                {pd product} {ergonomic}
    uintx NonProfiledCodeHeapSize                  = 122909434                              {pd product} {ergonomic}
    uintx ProfiledCodeHeapSize                     = 122909434                              {pd product} {ergonomic}
    uintx ReservedCodeCacheSize                    = 251658240                              {pd product} {ergonomic}
     bool SegmentedCodeCache                       = true                                      {product} {ergonomic}
   size_t SoftMaxHeapSize                          = 1988100096                             {manageable} {ergonomic}
     bool UseCompressedOops                        = true                           {product lp64_product} {ergonomic}
     bool UseG1GC                                  = true                                      {product} {ergonomic}
     bool UseLargePagesIndividualAllocation        = false                                  {pd product} {ergonomic}

Logging:
Log output configuration:
 #0: stdout all=warning uptime,level,tags foldmultilines=false
 #1: stderr all=off uptime,level,tags foldmultilines=false

Environment Variables:
PATH=C:\app\berna\product\23ai\dbhomeFree\bin;C:\Program Files\Eclipse Adoptium\jdk-21.0.7.6-hotspot\bin;C:\WINDOWS\system32;C:\WINDOWS;C:\WINDOWS\System32\Wbem;C:\WINDOWS\System32\WindowsPowerShell\v1.0\;C:\WINDOWS\System32\OpenSSH\;C:\Program Files\nodejs\;C:\Gradle\gradle-8.12.1\bin;C:\Program Files\Git\cmd;c:\Users\berna\AppData\Local\Programs\cursor\resources\app\bin;C:\Users\berna\AppData\Local\Programs\Python\Python313\Scripts\;C:\Users\berna\AppData\Local\Programs\Python\Python313\;C:\Users\berna\AppData\Local\Programs\Python\Launcher\;C:\Users\berna\AppData\Local\Microsoft\WindowsApps;C:\Users\berna\AppData\Local\Programs\Microsoft VS Code\bin;C:\Users\berna\AppData\Local\Microsoft\WinGet\Packages\Schniz.fnm_Microsoft.Winget.Source_8wekyb3d8bbwe;C:\Users\berna\AppData\Roaming\npm;C:\Users\berna\AppData\Local\Programs\Hyper\resources\bin;;C:\Users\berna\.bun\bin;C:\Users\berna\.lmstudio\bin;C:\Users\berna\AppData\Local\Programs\cursor\resources\app\bin
USERNAME=berna
OS=Windows_NT
PROCESSOR_IDENTIFIER=AMD64 Family 25 Model 80 Stepping 0, AuthenticAMD
TMP=C:\Users\berna\AppData\Local\Temp
TEMP=C:\Users\berna\AppData\Local\Temp




Periodic native trim disabled

---------------  S Y S T E M  ---------------

OS:
 Windows 11 , 64 bit Build 26100 (10.0.26100.3912)
OS uptime: 5 days 6:58 hours
Hyper-V role detected

CPU: total 12 (initial active 12) (12 cores per cpu, 2 threads per core) family 25 model 80 stepping 0 microcode 0xa50000d, cx8, cmov, fxsr, ht, mmx, 3dnowpref, sse, sse2, sse3, ssse3, sse4a, sse4.1, sse4.2, popcnt, lzcnt, tsc, tscinvbit, avx, avx2, aes, erms, clmul, bmi1, bmi2, adx, sha, fma, vzeroupper, clflush, clflushopt, hv, rdtscp, rdpid, fsrm, f16c, cet_ss
Processor Information for the first 12 processors :
  Max Mhz: 3301, Current Mhz: 3301, Mhz Limit: 3301

Memory: 4k page, system-wide physical 7583M (198M free)
TotalPageFile size 32159M (AvailPageFile size 7M)
current process WorkingSet (physical memory assigned to process): 27M, peak: 27M
current process commit charge ("private bytes"): 199M, peak: 200M

vm_info: OpenJDK 64-Bit Server VM (21.0.7+6-LTS) for windows-amd64 JRE (21.0.7+6-LTS), built on 2025-04-15T00:00:00Z by "admin" with MS VC++ 17.7 (VS2022)

END.
