#
# There is insufficient memory for the Java Runtime Environment to continue.
# Native memory allocation (mmap) failed to map 125829120 bytes for G1 virtual space
# Possible reasons:
#   The system is out of physical RAM or swap space
#   The process is running with CompressedOops enabled, and the Java Heap may be blocking the growth of the native heap
# Possible solutions:
#   Reduce memory load on the system
#   Increase physical memory or swap space
#   Check if swap backing store is full
#   Decrease Java heap size (-Xmx/-Xms)
#   Decrease number of Java threads
#   Decrease Java thread stack sizes (-Xss)
#   Set larger code cache with -XX:ReservedCodeCacheSize=
#   JVM is running with Unscaled Compressed Oops mode in which the Java heap is
#     placed in the first 4GB address space. The Java Heap base address is the
#     maximum limit for the native heap growth. Please use -XX:HeapBaseMinAddress
#     to set the Java Heap base and to place the Java Heap above 4GB virtual address.
# This output file may be truncated or incomplete.
#
#  Out of Memory Error (os_windows.cpp:3600), pid=40516, tid=5516
#
# JRE version:  (21.0.2+13) (build )
# Java VM: OpenJDK 64-Bit Server VM (21.0.2+13-LTS, mixed mode, sharing, tiered, compressed oops, compressed class ptrs, g1 gc, windows-amd64)
# No core dump will be written. Minidumps are not enabled by default on client versions of Windows
#

---------------  S U M M A R Y ------------

Command Line: 

Host: AMD Ryzen 5 5600H with Radeon Graphics         , 12 cores, 7G,  Windows 11 , 64 bit Build 26100 (10.0.26100.3323)
Time: Sat Mar 22 12:19:37 2025 South Africa Standard Time elapsed time: 2.070010 seconds (0d 0h 0m 2s)

---------------  T H R E A D  ---------------

Current thread (0x000001c9450700d0):  JavaThread "Unknown thread" [_thread_in_vm, id=5516, stack(0x000000995d800000,0x000000995d900000) (1024K)]

Stack: [0x000000995d800000,0x000000995d900000]
Native frames: (J=compiled Java code, j=interpreted, Vv=VM code, C=native code)
V  [jvm.dll+0x6c94f9]
V  [jvm.dll+0x8a3c21]
V  [jvm.dll+0x8a614e]
V  [jvm.dll+0x8a6823]
V  [jvm.dll+0x27fa86]
V  [jvm.dll+0x6c5c75]
V  [jvm.dll+0x6ba96a]
V  [jvm.dll+0x35398a]
V  [jvm.dll+0x35b536]
V  [jvm.dll+0x3ac6be]
V  [jvm.dll+0x3ac968]
V  [jvm.dll+0x327bcc]
V  [jvm.dll+0x32872b]
V  [jvm.dll+0x86ccf9]
V  [jvm.dll+0x3b96c1]
V  [jvm.dll+0x854ec8]
V  [jvm.dll+0x44d44e]
V  [jvm.dll+0x44eed1]
C  [jli.dll+0x5278]
C  [ucrtbase.dll+0x37b0]
C  [KERNEL32.DLL+0x2e8d7]
C  [ntdll.dll+0xbbf6c]


---------------  P R O C E S S  ---------------

Threads class SMR info:
_java_thread_list=0x00007ffad2f2f088, length=0, elements={
}

Java Threads: ( => current thread )
Total: 0

Other Threads:
  0x000001c9473dd630 WorkerThread "GC Thread#0"                     [id=35832, stack(0x000000995d900000,0x000000995da00000) (1024K)]
  0x000001c9473eea00 ConcurrentGCThread "G1 Main Marker"            [id=42832, stack(0x000000995da00000,0x000000995db00000) (1024K)]
  0x000001c9473f0510 WorkerThread "G1 Conc#0"                       [id=40272, stack(0x000000995db00000,0x000000995dc00000) (1024K)]

[error occurred during error reporting (printing all threads), id 0xc0000005, EXCEPTION_ACCESS_VIOLATION (0xc0000005) at pc=0x00007ffad263a4f7]
VM state: not at safepoint (not fully initialized)

VM Mutex/Monitor currently owned by a thread:  ([mutex/lock_event])
[0x00007ffad2fa3298] Heap_lock - owner thread: 0x000001c9450700d0

Heap address: 0x0000000089800000, size: 1896 MB, Compressed Oops mode: 32-bit

CDS archive(s) mapped at: [0x0000000000000000-0x0000000000000000-0x0000000000000000), size 0, SharedBaseAddress: 0x0000000800000000, ArchiveRelocationMode: 1.
Narrow klass base: 0x0000000000000000, Narrow klass shift: 0, Narrow klass range: 0x0

GC Precious Log:
 CardTable entry size: 512
 Card Set container configuration: InlinePtr #cards 5 size 8 Array Of Cards #cards 12 size 40 Howl #buckets 4 coarsen threshold 1843 Howl Bitmap #cards 512 size 80 coarsen threshold 460 Card regions per heap region 1 cards per card region 2048

Heap:
 garbage-first heap   total 0K, used 0K [0x0000000089800000, 0x0000000100000000)
  region size 1024K, 0 young (0K), 0 survivors (0K)

[error occurred during error reporting (printing heap information), id 0xc0000005, EXCEPTION_ACCESS_VIOLATION (0xc0000005) at pc=0x00007ffad2a223c9]
GC Heap History (0 events):
No events

Dll operation events (1 events):
Event: 0.043 Loaded shared library C:\Program Files\Eclipse Adoptium\jdk-21.0.2.13-hotspot\bin\java.dll

Deoptimization events (0 events):
No events

Classes loaded (0 events):
No events

Classes unloaded (0 events):
No events

Classes redefined (0 events):
No events

Internal exceptions (0 events):
No events

ZGC Phase Switch (0 events):
No events

VM Operations (0 events):
No events

Events (0 events):
No events


Dynamic libraries:
0x00007ff689470000 - 0x00007ff68947e000 	C:\Program Files\Eclipse Adoptium\jdk-21.0.2.13-hotspot\bin\java.exe
0x00007ffb94d80000 - 0x00007ffb94fe3000 	C:\WINDOWS\SYSTEM32\ntdll.dll
0x00007ffb6b290000 - 0x00007ffb6b2aa000 	C:\Program Files\Avast Software\Avast\aswhook.dll
0x00007ffb93980000 - 0x00007ffb93a47000 	C:\WINDOWS\System32\KERNEL32.DLL
0x00007ffb92270000 - 0x00007ffb92639000 	C:\WINDOWS\System32\KERNELBASE.dll
0x00007ffb920f0000 - 0x00007ffb9223c000 	C:\WINDOWS\System32\ucrtbase.dll
0x00007ffb8b930000 - 0x00007ffb8b948000 	C:\Program Files\Eclipse Adoptium\jdk-21.0.2.13-hotspot\bin\jli.dll
0x00007ffb86fb0000 - 0x00007ffb86fcb000 	C:\Program Files\Eclipse Adoptium\jdk-21.0.2.13-hotspot\bin\VCRUNTIME140.dll
0x00007ffb92d70000 - 0x00007ffb92f3a000 	C:\WINDOWS\System32\USER32.dll
0x00007ffb92240000 - 0x00007ffb92267000 	C:\WINDOWS\System32\win32u.dll
0x00007ffb94450000 - 0x00007ffb9447a000 	C:\WINDOWS\System32\GDI32.dll
0x00007ffb71370000 - 0x00007ffb71600000 	C:\WINDOWS\WinSxS\amd64_microsoft.windows.common-controls_6595b64144ccf1df_6.0.26100.3323_none_3e088096e3344490\COMCTL32.dll
0x00007ffb929b0000 - 0x00007ffb92ae1000 	C:\WINDOWS\System32\gdi32full.dll
0x00007ffb92ba0000 - 0x00007ffb92c49000 	C:\WINDOWS\System32\msvcrt.dll
0x00007ffb92af0000 - 0x00007ffb92b93000 	C:\WINDOWS\System32\msvcp_win.dll
0x00007ffb93270000 - 0x00007ffb9329f000 	C:\WINDOWS\System32\IMM32.DLL
0x00007ffb8b4c0000 - 0x00007ffb8b4cc000 	C:\Program Files\Eclipse Adoptium\jdk-21.0.2.13-hotspot\bin\vcruntime140_1.dll
0x00007ffb5bde0000 - 0x00007ffb5be6e000 	C:\Program Files\Eclipse Adoptium\jdk-21.0.2.13-hotspot\bin\msvcp140.dll
0x00007ffad2300000 - 0x00007ffad3083000 	C:\Program Files\Eclipse Adoptium\jdk-21.0.2.13-hotspot\bin\server\jvm.dll
0x00007ffb92f40000 - 0x00007ffb92ff2000 	C:\WINDOWS\System32\ADVAPI32.dll
0x00007ffb93720000 - 0x00007ffb937c6000 	C:\WINDOWS\System32\sechost.dll
0x00007ffb92c50000 - 0x00007ffb92d66000 	C:\WINDOWS\System32\RPCRT4.dll
0x00007ffb947e0000 - 0x00007ffb94854000 	C:\WINDOWS\System32\WS2_32.dll
0x00007ffb91e10000 - 0x00007ffb91e5e000 	C:\WINDOWS\SYSTEM32\POWRPROF.dll
0x00007ffb8b2d0000 - 0x00007ffb8b2db000 	C:\WINDOWS\SYSTEM32\VERSION.dll
0x00007ffb8b290000 - 0x00007ffb8b2c6000 	C:\WINDOWS\SYSTEM32\WINMM.dll
0x00007ffb91df0000 - 0x00007ffb91e04000 	C:\WINDOWS\SYSTEM32\UMPDC.dll
0x00007ffb90d60000 - 0x00007ffb90d7a000 	C:\WINDOWS\SYSTEM32\kernel.appcore.dll
0x00007ffb88180000 - 0x00007ffb8818a000 	C:\Program Files\Eclipse Adoptium\jdk-21.0.2.13-hotspot\bin\jimage.dll
0x00007ffb83960000 - 0x00007ffb83ba1000 	C:\WINDOWS\SYSTEM32\DBGHELP.DLL
0x00007ffb93390000 - 0x00007ffb93712000 	C:\WINDOWS\System32\combase.dll
0x00007ffb94700000 - 0x00007ffb947d6000 	C:\WINDOWS\System32\OLEAUT32.dll
0x00007ffb83150000 - 0x00007ffb83189000 	C:\WINDOWS\SYSTEM32\dbgcore.DLL
0x00007ffb92790000 - 0x00007ffb92829000 	C:\WINDOWS\System32\bcryptPrimitives.dll
0x00007ffb80d80000 - 0x00007ffb80d9f000 	C:\Program Files\Eclipse Adoptium\jdk-21.0.2.13-hotspot\bin\java.dll

dbghelp: loaded successfully - version: 4.0.5 - missing functions: none
symbol engine: initialized successfully - sym options: 0x614 - pdb path: .;C:\Program Files\Eclipse Adoptium\jdk-21.0.2.13-hotspot\bin;C:\WINDOWS\SYSTEM32;C:\Program Files\Avast Software\Avast;C:\WINDOWS\WinSxS\amd64_microsoft.windows.common-controls_6595b64144ccf1df_6.0.26100.3323_none_3e088096e3344490;C:\Program Files\Eclipse Adoptium\jdk-21.0.2.13-hotspot\bin\server

VM Arguments:
java_command: <unknown>
java_class_path (initial): <not set>
Launcher Type: SUN_STANDARD

[Global flags]
     intx CICompilerCount                          = 4                                         {product} {ergonomic}
     uint ConcGCThreads                            = 3                                         {product} {ergonomic}
     uint G1ConcRefinementThreads                  = 10                                        {product} {ergonomic}
   size_t G1HeapRegionSize                         = 1048576                                   {product} {ergonomic}
    uintx GCDrainStackTargetSize                   = 64                                        {product} {ergonomic}
   size_t InitialHeapSize                          = 125829120                                 {product} {ergonomic}
   size_t MarkStackSize                            = 4194304                                   {product} {ergonomic}
   size_t MaxHeapSize                              = 1988100096                                {product} {ergonomic}
   size_t MinHeapDeltaBytes                        = 1048576                                   {product} {ergonomic}
   size_t MinHeapSize                              = 8388608                                   {product} {ergonomic}
    uintx NonNMethodCodeHeapSize                   = 5839372                                {pd product} {ergonomic}
    uintx NonProfiledCodeHeapSize                  = 122909434                              {pd product} {ergonomic}
    uintx ProfiledCodeHeapSize                     = 122909434                              {pd product} {ergonomic}
    uintx ReservedCodeCacheSize                    = 251658240                              {pd product} {ergonomic}
     bool SegmentedCodeCache                       = true                                      {product} {ergonomic}
   size_t SoftMaxHeapSize                          = 1988100096                             {manageable} {ergonomic}
     bool UseCompressedOops                        = true                           {product lp64_product} {ergonomic}
     bool UseG1GC                                  = true                                      {product} {ergonomic}
     bool UseLargePagesIndividualAllocation        = false                                  {pd product} {ergonomic}

Logging:
Log output configuration:
 #0: stdout all=warning uptime,level,tags foldmultilines=false
 #1: stderr all=off uptime,level,tags foldmultilines=false

Environment Variables:
PATH=C:\Program Files\Eclipse Adoptium\jdk-21.0.2.13-hotspot\bin;C:\WINDOWS\system32;C:\WINDOWS;C:\WINDOWS\System32\Wbem;C:\WINDOWS\System32\WindowsPowerShell\v1.0\;C:\WINDOWS\System32\OpenSSH\;C:\Program Files\Git\cmd;C:\Program Files\nodejs\;C:\Gradle\gradle-8.12.1\bin;C:\Users\berna\AppData\Local\Programs\Python\Python313\Scripts\;C:\Users\berna\AppData\Local\Programs\Python\Python313\;C:\Users\berna\AppData\Local\Programs\Python\Launcher\;C:\Users\berna\AppData\Local\Microsoft\WindowsApps;C:\Users\berna\AppData\Local\Programs\Microsoft VS Code\bin;C:\Users\berna\AppData\Local\Microsoft\WinGet\Packages\Schniz.fnm_Microsoft.Winget.Source_8wekyb3d8bbwe;C:\Users\berna\AppData\Roaming\npm;C:\Users\berna\AppData\Local\Programs\Hyper\resources\bin;;C:\Users\berna\.bun\bin;C:\Users\berna\.lmstudio\bin
USERNAME=berna
OS=Windows_NT
PROCESSOR_IDENTIFIER=AMD64 Family 25 Model 80 Stepping 0, AuthenticAMD
TMP=C:\Users\berna\AppData\Local\Temp
TEMP=C:\Users\berna\AppData\Local\Temp




Periodic native trim disabled

---------------  S Y S T E M  ---------------

OS:
 Windows 11 , 64 bit Build 26100 (10.0.26100.3323)
OS uptime: 1 days 18:07 hours
Hyper-V role detected

CPU: total 12 (initial active 12) (12 cores per cpu, 2 threads per core) family 25 model 80 stepping 0 microcode 0xa50000d, cx8, cmov, fxsr, ht, mmx, 3dnowpref, sse, sse2, sse3, ssse3, sse4a, sse4.1, sse4.2, popcnt, lzcnt, tsc, tscinvbit, avx, avx2, aes, erms, clmul, bmi1, bmi2, adx, sha, fma, vzeroupper, clflush, clflushopt, hv, rdtscp, rdpid, fsrm, f16c, cet_ss
Processor Information for all 12 processors :
  Max Mhz: 3301, Current Mhz: 3301, Mhz Limit: 3301

Memory: 4k page, system-wide physical 7583M (330M free)
TotalPageFile size 32159M (AvailPageFile size 25M)
current process WorkingSet (physical memory assigned to process): 12M, peak: 12M
current process commit charge ("private bytes"): 64M, peak: 184M

vm_info: OpenJDK 64-Bit Server VM (21.0.2+13-LTS) for windows-amd64 JRE (21.0.2+13-LTS), built on 2024-01-16T00:00:00Z by "admin" with unknown MS VC++:1937

END.
